Determining if the pthread_create exist failed with the following output:
Change Dir: /home/robot/2.12-Final-Project/build/CMakeFiles/CMakeTmp

Run Build Command:"/usr/bin/make" "cmTryCompileExec2134697257/fast"
/usr/bin/make -f CMakeFiles/cmTryCompileExec2134697257.dir/build.make CMakeFiles/cmTryCompileExec2134697257.dir/build
make[1]: Entering directory '/home/robot/2.12-Final-Project/build/CMakeFiles/CMakeTmp'
/usr/local/bin/cmake -E cmake_progress_report /home/robot/2.12-Final-Project/build/CMakeFiles/CMakeTmp/CMakeFiles 1
Building C object CMakeFiles/cmTryCompileExec2134697257.dir/CheckSymbolExists.c.o
/usr/bin/cc   -Wreturn-type -Wuninitialized     -o CMakeFiles/cmTryCompileExec2134697257.dir/CheckSymbolExists.c.o   -c /home/robot/2.12-Final-Project/build/CMakeFiles/CMakeTmp/CheckSymbolExists.c
Linking C executable cmTryCompileExec2134697257
/usr/local/bin/cmake -E cmake_link_script CMakeFiles/cmTryCompileExec2134697257.dir/link.txt --verbose=1
/usr/bin/cc   -Wreturn-type -Wuninitialized      CMakeFiles/cmTryCompileExec2134697257.dir/CheckSymbolExists.c.o  -o cmTryCompileExec2134697257 -rdynamic 
CMakeFiles/cmTryCompileExec2134697257.dir/CheckSymbolExists.c.o: In function `main':
CheckSymbolExists.c:(.text+0x16): undefined reference to `pthread_create'
collect2: error: ld returned 1 exit status
CMakeFiles/cmTryCompileExec2134697257.dir/build.make:88: recipe for target 'cmTryCompileExec2134697257' failed
make[1]: Leaving directory '/home/robot/2.12-Final-Project/build/CMakeFiles/CMakeTmp'
make[1]: *** [cmTryCompileExec2134697257] Error 1
Makefile:117: recipe for target 'cmTryCompileExec2134697257/fast' failed
make: *** [cmTryCompileExec2134697257/fast] Error 2

File /home/robot/2.12-Final-Project/build/CMakeFiles/CMakeTmp/CheckSymbolExists.c:
/* */
#include <pthread.h>

int main(int argc, char** argv)
{
  (void)argv;
#ifndef pthread_create
  return ((int*)(&pthread_create))[argc];
#else
  (void)argc;
  return 0;
#endif
}

Determining if the function pthread_create exists in the pthreads failed with the following output:
Change Dir: /home/robot/2.12-Final-Project/build/CMakeFiles/CMakeTmp

Run Build Command:"/usr/bin/make" "cmTryCompileExec2293759373/fast"
/usr/bin/make -f CMakeFiles/cmTryCompileExec2293759373.dir/build.make CMakeFiles/cmTryCompileExec2293759373.dir/build
make[1]: Entering directory '/home/robot/2.12-Final-Project/build/CMakeFiles/CMakeTmp'
/usr/local/bin/cmake -E cmake_progress_report /home/robot/2.12-Final-Project/build/CMakeFiles/CMakeTmp/CMakeFiles 1
Building C object CMakeFiles/cmTryCompileExec2293759373.dir/CheckFunctionExists.c.o
/usr/bin/cc   -Wreturn-type -Wuninitialized  -DCHECK_FUNCTION_EXISTS=pthread_create   -o CMakeFiles/cmTryCompileExec2293759373.dir/CheckFunctionExists.c.o   -c /usr/local/share/cmake-3.2/Modules/CheckFunctionExists.c
Linking C executable cmTryCompileExec2293759373
/usr/local/bin/cmake -E cmake_link_script CMakeFiles/cmTryCompileExec2293759373.dir/link.txt --verbose=1
/usr/bin/cc   -Wreturn-type -Wuninitialized  -DCHECK_FUNCTION_EXISTS=pthread_create    CMakeFiles/cmTryCompileExec2293759373.dir/CheckFunctionExists.c.o  -o cmTryCompileExec2293759373 -rdynamic -lpthreads 
/usr/bin/ld: cannot find -lpthreads
collect2: error: ld returned 1 exit status
CMakeFiles/cmTryCompileExec2293759373.dir/build.make:88: recipe for target 'cmTryCompileExec2293759373' failed
make[1]: *** [cmTryCompileExec2293759373] Error 1
make[1]: Leaving directory '/home/robot/2.12-Final-Project/build/CMakeFiles/CMakeTmp'
Makefile:117: recipe for target 'cmTryCompileExec2293759373/fast' failed
make: *** [cmTryCompileExec2293759373/fast] Error 2


